This is pdfTeX, Version 3.14159265-2.6-1.40.20 (TeX Live 2019) (preloaded format=pdflatex 2019.5.8)  3 MAR 2021 09:45
entering extended mode
 restricted \write18 enabled.
 %&-line parsing enabled.
**traitement-video.tex
(./traitement-video.tex
LaTeX2e <2018-12-01>
(/usr/local/texlive/2019/texmf-dist/tex/latex/base/book.cls
Document Class: book 2018/09/03 v1.4i Standard LaTeX document class
(/usr/local/texlive/2019/texmf-dist/tex/latex/base/bk10.clo
File: bk10.clo 2018/09/03 v1.4i Standard LaTeX file (size option)
)
\c@part=\count80
\c@chapter=\count81
\c@section=\count82
\c@subsection=\count83
\c@subsubsection=\count84
\c@paragraph=\count85
\c@subparagraph=\count86
\c@figure=\count87
\c@table=\count88
\abovecaptionskip=\skip41
\belowcaptionskip=\skip42
\bibindent=\dimen102
) (/usr/local/texlive/2019/texmf-dist/tex/latex/amsmath/amsmath.sty
Package: amsmath 2018/12/01 v2.17b AMS math features
\@mathmargin=\skip43
For additional information on amsmath, use the `?' option.
(/usr/local/texlive/2019/texmf-dist/tex/latex/amsmath/amstext.sty
Package: amstext 2000/06/29 v2.01 AMS text
(/usr/local/texlive/2019/texmf-dist/tex/latex/amsmath/amsgen.sty
File: amsgen.sty 1999/11/30 v2.0 generic functions
\@emptytoks=\toks14
\ex@=\dimen103
)) (/usr/local/texlive/2019/texmf-dist/tex/latex/amsmath/amsbsy.sty
Package: amsbsy 1999/11/29 v1.2d Bold Symbols
\pmbraise@=\dimen104
) (/usr/local/texlive/2019/texmf-dist/tex/latex/amsmath/amsopn.sty
Package: amsopn 2016/03/08 v2.02 operator names
)
\inf@bad=\count89
LaTeX Info: Redefining \frac on input line 223.
\uproot@=\count90
\leftroot@=\count91
LaTeX Info: Redefining \overline on input line 385.
\classnum@=\count92
\DOTSCASE@=\count93
LaTeX Info: Redefining \ldots on input line 482.
LaTeX Info: Redefining \dots on input line 485.
LaTeX Info: Redefining \cdots on input line 606.
\Mathstrutbox@=\box27
\strutbox@=\box28
\big@size=\dimen105
LaTeX Font Info:    Redeclaring font encoding OML on input line 729.
LaTeX Font Info:    Redeclaring font encoding OMS on input line 730.
\macc@depth=\count94
\c@MaxMatrixCols=\count95
\dotsspace@=\muskip10
\c@parentequation=\count96
\dspbrk@lvl=\count97
\tag@help=\toks15
\row@=\count98
\column@=\count99
\maxfields@=\count100
\andhelp@=\toks16
\eqnshift@=\dimen106
\alignsep@=\dimen107
\tagshift@=\dimen108
\tagwidth@=\dimen109
\totwidth@=\dimen110
\lineht@=\dimen111
\@envbody=\toks17
\multlinegap=\skip44
\multlinetaggap=\skip45
\mathdisplay@stack=\toks18
LaTeX Info: Redefining \[ on input line 2844.
LaTeX Info: Redefining \] on input line 2845.
) (/usr/local/texlive/2019/texmf-dist/tex/latex/amsfonts/amssymb.sty
Package: amssymb 2013/01/14 v3.01 AMS font symbols
(/usr/local/texlive/2019/texmf-dist/tex/latex/amsfonts/amsfonts.sty
Package: amsfonts 2013/01/14 v3.01 Basic AMSFonts support
\symAMSa=\mathgroup4
\symAMSb=\mathgroup5
LaTeX Font Info:    Overwriting math alphabet `\mathfrak' in version `bold'
(Font)                  U/euf/m/n --> U/euf/b/n on input line 106.
)) (/usr/local/texlive/2019/texmf-dist/tex/latex/lm/lmodern.sty
Package: lmodern 2009/10/30 v1.6 Latin Modern Fonts
LaTeX Font Info:    Overwriting symbol font `operators' in version `normal'
(Font)                  OT1/cmr/m/n --> OT1/lmr/m/n on input line 22.
LaTeX Font Info:    Overwriting symbol font `letters' in version `normal'
(Font)                  OML/cmm/m/it --> OML/lmm/m/it on input line 23.
LaTeX Font Info:    Overwriting symbol font `symbols' in version `normal'
(Font)                  OMS/cmsy/m/n --> OMS/lmsy/m/n on input line 24.
LaTeX Font Info:    Overwriting symbol font `largesymbols' in version `normal'
(Font)                  OMX/cmex/m/n --> OMX/lmex/m/n on input line 25.
LaTeX Font Info:    Overwriting symbol font `operators' in version `bold'
(Font)                  OT1/cmr/bx/n --> OT1/lmr/bx/n on input line 26.
LaTeX Font Info:    Overwriting symbol font `letters' in version `bold'
(Font)                  OML/cmm/b/it --> OML/lmm/b/it on input line 27.
LaTeX Font Info:    Overwriting symbol font `symbols' in version `bold'
(Font)                  OMS/cmsy/b/n --> OMS/lmsy/b/n on input line 28.
LaTeX Font Info:    Overwriting symbol font `largesymbols' in version `bold'
(Font)                  OMX/cmex/m/n --> OMX/lmex/m/n on input line 29.
LaTeX Font Info:    Overwriting math alphabet `\mathbf' in version `normal'
(Font)                  OT1/cmr/bx/n --> OT1/lmr/bx/n on input line 31.
LaTeX Font Info:    Overwriting math alphabet `\mathsf' in version `normal'
(Font)                  OT1/cmss/m/n --> OT1/lmss/m/n on input line 32.
LaTeX Font Info:    Overwriting math alphabet `\mathit' in version `normal'
(Font)                  OT1/cmr/m/it --> OT1/lmr/m/it on input line 33.
LaTeX Font Info:    Overwriting math alphabet `\mathtt' in version `normal'
(Font)                  OT1/cmtt/m/n --> OT1/lmtt/m/n on input line 34.
LaTeX Font Info:    Overwriting math alphabet `\mathbf' in version `bold'
(Font)                  OT1/cmr/bx/n --> OT1/lmr/bx/n on input line 35.
LaTeX Font Info:    Overwriting math alphabet `\mathsf' in version `bold'
(Font)                  OT1/cmss/bx/n --> OT1/lmss/bx/n on input line 36.
LaTeX Font Info:    Overwriting math alphabet `\mathit' in version `bold'
(Font)                  OT1/cmr/bx/it --> OT1/lmr/bx/it on input line 37.
LaTeX Font Info:    Overwriting math alphabet `\mathtt' in version `bold'
(Font)                  OT1/cmtt/m/n --> OT1/lmtt/m/n on input line 38.
) (/usr/local/texlive/2019/texmf-dist/tex/generic/ifxetex/ifxetex.sty
Package: ifxetex 2010/09/12 v0.6 Provides ifxetex conditional
) (/usr/local/texlive/2019/texmf-dist/tex/generic/oberdiek/ifluatex.sty
Package: ifluatex 2016/05/16 v1.4 Provides the ifluatex switch (HO)
Package ifluatex Info: LuaTeX not detected.
) (/usr/local/texlive/2019/texmf-dist/tex/latex/base/fontenc.sty
Package: fontenc 2018/08/11 v2.0j Standard LaTeX package
(/usr/local/texlive/2019/texmf-dist/tex/latex/base/t1enc.def
File: t1enc.def 2018/08/11 v2.0j Standard LaTeX file
LaTeX Font Info:    Redeclaring font encoding T1 on input line 48.
)) (/usr/local/texlive/2019/texmf-dist/tex/latex/base/inputenc.sty
Package: inputenc 2018/08/11 v1.3c Input encoding file
\inpenc@prehook=\toks19
\inpenc@posthook=\toks20
) (/usr/local/texlive/2019/texmf-dist/tex/latex/base/textcomp.sty
Package: textcomp 2018/08/11 v2.0j Standard LaTeX package
Package textcomp Info: Sub-encoding information:
(textcomp)               5 = only ISO-Adobe without \textcurrency
(textcomp)               4 = 5 + \texteuro
(textcomp)               3 = 4 + \textohm
(textcomp)               2 = 3 + \textestimated + \textcurrency
(textcomp)               1 = TS1 - \textcircled - \t
(textcomp)               0 = TS1 (full)
(textcomp)             Font families with sub-encoding setting implement
(textcomp)             only a restricted character set as indicated.
(textcomp)             Family '?' is the default used for unknown fonts.
(textcomp)             See the documentation for details.
Package textcomp Info: Setting ? sub-encoding to TS1/1 on input line 79.
(/usr/local/texlive/2019/texmf-dist/tex/latex/base/ts1enc.def
File: ts1enc.def 2001/06/05 v3.0e (jk/car/fm) Standard LaTeX file
Now handling font encoding TS1 ...
... processing UTF-8 mapping file for font encoding TS1
(/usr/local/texlive/2019/texmf-dist/tex/latex/base/ts1enc.dfu
File: ts1enc.dfu 2018/10/05 v1.2f UTF-8 support for inputenc
   defining Unicode char U+00A2 (decimal 162)
   defining Unicode char U+00A3 (decimal 163)
   defining Unicode char U+00A4 (decimal 164)
   defining Unicode char U+00A5 (decimal 165)
   defining Unicode char U+00A6 (decimal 166)
   defining Unicode char U+00A7 (decimal 167)
   defining Unicode char U+00A8 (decimal 168)
   defining Unicode char U+00A9 (decimal 169)
   defining Unicode char U+00AA (decimal 170)
   defining Unicode char U+00AC (decimal 172)
   defining Unicode char U+00AE (decimal 174)
   defining Unicode char U+00AF (decimal 175)
   defining Unicode char U+00B0 (decimal 176)
   defining Unicode char U+00B1 (decimal 177)
   defining Unicode char U+00B2 (decimal 178)
   defining Unicode char U+00B3 (decimal 179)
   defining Unicode char U+00B4 (decimal 180)
   defining Unicode char U+00B5 (decimal 181)
   defining Unicode char U+00B6 (decimal 182)
   defining Unicode char U+00B7 (decimal 183)
   defining Unicode char U+00B9 (decimal 185)
   defining Unicode char U+00BA (decimal 186)
   defining Unicode char U+00BC (decimal 188)
   defining Unicode char U+00BD (decimal 189)
   defining Unicode char U+00BE (decimal 190)
   defining Unicode char U+00D7 (decimal 215)
   defining Unicode char U+00F7 (decimal 247)
   defining Unicode char U+0192 (decimal 402)
   defining Unicode char U+02C7 (decimal 711)
   defining Unicode char U+02D8 (decimal 728)
   defining Unicode char U+02DD (decimal 733)
   defining Unicode char U+0E3F (decimal 3647)
   defining Unicode char U+2016 (decimal 8214)
   defining Unicode char U+2020 (decimal 8224)
   defining Unicode char U+2021 (decimal 8225)
   defining Unicode char U+2022 (decimal 8226)
   defining Unicode char U+2030 (decimal 8240)
   defining Unicode char U+2031 (decimal 8241)
   defining Unicode char U+203B (decimal 8251)
   defining Unicode char U+203D (decimal 8253)
   defining Unicode char U+2044 (decimal 8260)
   defining Unicode char U+204E (decimal 8270)
   defining Unicode char U+2052 (decimal 8274)
   defining Unicode char U+20A1 (decimal 8353)
   defining Unicode char U+20A4 (decimal 8356)
   defining Unicode char U+20A6 (decimal 8358)
   defining Unicode char U+20A9 (decimal 8361)
   defining Unicode char U+20AB (decimal 8363)
   defining Unicode char U+20AC (decimal 8364)
   defining Unicode char U+20B1 (decimal 8369)
   defining Unicode char U+2103 (decimal 8451)
   defining Unicode char U+2116 (decimal 8470)
   defining Unicode char U+2117 (decimal 8471)
   defining Unicode char U+211E (decimal 8478)
   defining Unicode char U+2120 (decimal 8480)
   defining Unicode char U+2122 (decimal 8482)
   defining Unicode char U+2126 (decimal 8486)
   defining Unicode char U+2127 (decimal 8487)
   defining Unicode char U+212E (decimal 8494)
   defining Unicode char U+2190 (decimal 8592)
   defining Unicode char U+2191 (decimal 8593)
   defining Unicode char U+2192 (decimal 8594)
   defining Unicode char U+2193 (decimal 8595)
   defining Unicode char U+2329 (decimal 9001)
   defining Unicode char U+232A (decimal 9002)
   defining Unicode char U+2422 (decimal 9250)
   defining Unicode char U+25E6 (decimal 9702)
   defining Unicode char U+25EF (decimal 9711)
   defining Unicode char U+266A (decimal 9834)
   defining Unicode char U+FEFF (decimal 65279)
))
LaTeX Info: Redefining \oldstylenums on input line 334.
Package textcomp Info: Setting cmr sub-encoding to TS1/0 on input line 349.
Package textcomp Info: Setting cmss sub-encoding to TS1/0 on input line 350.
Package textcomp Info: Setting cmtt sub-encoding to TS1/0 on input line 351.
Package textcomp Info: Setting cmvtt sub-encoding to TS1/0 on input line 352.
Package textcomp Info: Setting cmbr sub-encoding to TS1/0 on input line 353.
Package textcomp Info: Setting cmtl sub-encoding to TS1/0 on input line 354.
Package textcomp Info: Setting ccr sub-encoding to TS1/0 on input line 355.
Package textcomp Info: Setting ptm sub-encoding to TS1/4 on input line 356.
Package textcomp Info: Setting pcr sub-encoding to TS1/4 on input line 357.
Package textcomp Info: Setting phv sub-encoding to TS1/4 on input line 358.
Package textcomp Info: Setting ppl sub-encoding to TS1/3 on input line 359.
Package textcomp Info: Setting pag sub-encoding to TS1/4 on input line 360.
Package textcomp Info: Setting pbk sub-encoding to TS1/4 on input line 361.
Package textcomp Info: Setting pnc sub-encoding to TS1/4 on input line 362.
Package textcomp Info: Setting pzc sub-encoding to TS1/4 on input line 363.
Package textcomp Info: Setting bch sub-encoding to TS1/4 on input line 364.
Package textcomp Info: Setting put sub-encoding to TS1/5 on input line 365.
Package textcomp Info: Setting uag sub-encoding to TS1/5 on input line 366.
Package textcomp Info: Setting ugq sub-encoding to TS1/5 on input line 367.
Package textcomp Info: Setting ul8 sub-encoding to TS1/4 on input line 368.
Package textcomp Info: Setting ul9 sub-encoding to TS1/4 on input line 369.
Package textcomp Info: Setting augie sub-encoding to TS1/5 on input line 370.
Package textcomp Info: Setting dayrom sub-encoding to TS1/3 on input line 371.
Package textcomp Info: Setting dayroms sub-encoding to TS1/3 on input line 372.

Package textcomp Info: Setting pxr sub-encoding to TS1/0 on input line 373.
Package textcomp Info: Setting pxss sub-encoding to TS1/0 on input line 374.
Package textcomp Info: Setting pxtt sub-encoding to TS1/0 on input line 375.
Package textcomp Info: Setting txr sub-encoding to TS1/0 on input line 376.
Package textcomp Info: Setting txss sub-encoding to TS1/0 on input line 377.
Package textcomp Info: Setting txtt sub-encoding to TS1/0 on input line 378.
Package textcomp Info: Setting lmr sub-encoding to TS1/0 on input line 379.
Package textcomp Info: Setting lmdh sub-encoding to TS1/0 on input line 380.
Package textcomp Info: Setting lmss sub-encoding to TS1/0 on input line 381.
Package textcomp Info: Setting lmssq sub-encoding to TS1/0 on input line 382.
Package textcomp Info: Setting lmvtt sub-encoding to TS1/0 on input line 383.
Package textcomp Info: Setting lmtt sub-encoding to TS1/0 on input line 384.
Package textcomp Info: Setting qhv sub-encoding to TS1/0 on input line 385.
Package textcomp Info: Setting qag sub-encoding to TS1/0 on input line 386.
Package textcomp Info: Setting qbk sub-encoding to TS1/0 on input line 387.
Package textcomp Info: Setting qcr sub-encoding to TS1/0 on input line 388.
Package textcomp Info: Setting qcs sub-encoding to TS1/0 on input line 389.
Package textcomp Info: Setting qpl sub-encoding to TS1/0 on input line 390.
Package textcomp Info: Setting qtm sub-encoding to TS1/0 on input line 391.
Package textcomp Info: Setting qzc sub-encoding to TS1/0 on input line 392.
Package textcomp Info: Setting qhvc sub-encoding to TS1/0 on input line 393.
Package textcomp Info: Setting futs sub-encoding to TS1/4 on input line 394.
Package textcomp Info: Setting futx sub-encoding to TS1/4 on input line 395.
Package textcomp Info: Setting futj sub-encoding to TS1/4 on input line 396.
Package textcomp Info: Setting hlh sub-encoding to TS1/3 on input line 397.
Package textcomp Info: Setting hls sub-encoding to TS1/3 on input line 398.
Package textcomp Info: Setting hlst sub-encoding to TS1/3 on input line 399.
Package textcomp Info: Setting hlct sub-encoding to TS1/5 on input line 400.
Package textcomp Info: Setting hlx sub-encoding to TS1/5 on input line 401.
Package textcomp Info: Setting hlce sub-encoding to TS1/5 on input line 402.
Package textcomp Info: Setting hlcn sub-encoding to TS1/5 on input line 403.
Package textcomp Info: Setting hlcw sub-encoding to TS1/5 on input line 404.
Package textcomp Info: Setting hlcf sub-encoding to TS1/5 on input line 405.
Package textcomp Info: Setting pplx sub-encoding to TS1/3 on input line 406.
Package textcomp Info: Setting pplj sub-encoding to TS1/3 on input line 407.
Package textcomp Info: Setting ptmx sub-encoding to TS1/4 on input line 408.
Package textcomp Info: Setting ptmj sub-encoding to TS1/4 on input line 409.
) (/usr/local/texlive/2019/texmf-dist/tex/latex/upquote/upquote.sty
Package: upquote 2012/04/19 v1.3 upright-quote and grave-accent glyphs in verba
tim
) (/usr/local/texlive/2019/texmf-dist/tex/latex/microtype/microtype.sty
Package: microtype 2019/02/28 v2.7b Micro-typographical refinements (RS)
(/usr/local/texlive/2019/texmf-dist/tex/latex/graphics/keyval.sty
Package: keyval 2014/10/28 v1.15 key=value parser (DPC)
\KV@toks@=\toks21
)
\MT@toks=\toks22
\MT@count=\count101
LaTeX Info: Redefining \textls on input line 790.
\MT@outer@kern=\dimen112
LaTeX Info: Redefining \textmicrotypecontext on input line 1336.
\MT@listname@count=\count102
(/usr/local/texlive/2019/texmf-dist/tex/latex/microtype/microtype-pdftex.def
File: microtype-pdftex.def 2019/02/28 v2.7b Definitions specific to pdftex (RS)

LaTeX Info: Redefining \lsstyle on input line 914.
LaTeX Info: Redefining \lslig on input line 914.
\MT@outer@space=\skip46
)
Package microtype Info: Loading configuration file microtype.cfg.
(/usr/local/texlive/2019/texmf-dist/tex/latex/microtype/microtype.cfg
File: microtype.cfg 2019/02/28 v2.7b microtype main configuration file (RS)
)) (/usr/local/texlive/2019/texmf-dist/tex/latex/parskip/parskip.sty
Package: parskip 2019-01-16 v2.0c non-zero parskip adjustments
(/usr/local/texlive/2019/texmf-dist/tex/latex/oberdiek/kvoptions.sty
Package: kvoptions 2016/05/16 v3.12 Key value format for package options (HO)
(/usr/local/texlive/2019/texmf-dist/tex/generic/oberdiek/ltxcmds.sty
Package: ltxcmds 2016/05/16 v1.23 LaTeX kernel commands for general use (HO)
) (/usr/local/texlive/2019/texmf-dist/tex/generic/oberdiek/kvsetkeys.sty
Package: kvsetkeys 2016/05/16 v1.17 Key value parser (HO)
(/usr/local/texlive/2019/texmf-dist/tex/generic/oberdiek/infwarerr.sty
Package: infwarerr 2016/05/16 v1.4 Providing info/warning/error messages (HO)
) (/usr/local/texlive/2019/texmf-dist/tex/generic/oberdiek/etexcmds.sty
Package: etexcmds 2016/05/16 v1.6 Avoid name clashes with e-TeX commands (HO)
))) (/usr/local/texlive/2019/texmf-dist/tex/latex/etoolbox/etoolbox.sty
Package: etoolbox 2018/08/19 v2.5f e-TeX tools for LaTeX (JAW)
\etb@tempcnta=\count103
)) (/usr/local/texlive/2019/texmf-dist/tex/latex/xcolor/xcolor.sty
Package: xcolor 2016/05/11 v2.12 LaTeX color extensions (UK)
(/usr/local/texlive/2019/texmf-dist/tex/latex/graphics-cfg/color.cfg
File: color.cfg 2016/01/02 v1.6 sample color configuration
)
Package xcolor Info: Driver file: pdftex.def on input line 225.
(/usr/local/texlive/2019/texmf-dist/tex/latex/graphics-def/pdftex.def
File: pdftex.def 2018/01/08 v1.0l Graphics/color driver for pdftex
)
Package xcolor Info: Model `cmy' substituted by `cmy0' on input line 1348.
Package xcolor Info: Model `hsb' substituted by `rgb' on input line 1352.
Package xcolor Info: Model `RGB' extended on input line 1364.
Package xcolor Info: Model `HTML' substituted by `rgb' on input line 1366.
Package xcolor Info: Model `Hsb' substituted by `hsb' on input line 1367.
Package xcolor Info: Model `tHsb' substituted by `hsb' on input line 1368.
Package xcolor Info: Model `HSB' substituted by `hsb' on input line 1369.
Package xcolor Info: Model `Gray' substituted by `gray' on input line 1370.
Package xcolor Info: Model `wave' substituted by `hsb' on input line 1371.
) (/usr/local/texlive/2019/texmf-dist/tex/latex/xurl/xurl.sty
Package: xurl 2018/12/23 v 0.07 modify URL breaks
(/usr/local/texlive/2019/texmf-dist/tex/latex/url/url.sty
\Urlmuskip=\muskip11
Package: url 2013/09/16  ver 3.4  Verb mode for urls, etc.
)) (/usr/local/texlive/2019/texmf-dist/tex/latex/oberdiek/bookmark.sty
Package: bookmark 2016/05/17 v1.26 PDF bookmarks (HO)
(/usr/local/texlive/2019/texmf-dist/tex/generic/oberdiek/pdfescape.sty
Package: pdfescape 2016/05/16 v1.14 Implements pdfTeX's escape features (HO)
(/usr/local/texlive/2019/texmf-dist/tex/generic/oberdiek/pdftexcmds.sty
Package: pdftexcmds 2018/09/10 v0.29 Utility functions of pdfTeX for LuaTeX (HO
)
(/usr/local/texlive/2019/texmf-dist/tex/generic/oberdiek/ifpdf.sty
Package: ifpdf 2018/09/07 v3.3 Provides the ifpdf switch
)
Package pdftexcmds Info: LuaTeX not detected.
Package pdftexcmds Info: \pdf@primitive is available.
Package pdftexcmds Info: \pdf@ifprimitive is available.
Package pdftexcmds Info: \pdfdraftmode found.
)) (/usr/local/texlive/2019/texmf-dist/tex/generic/oberdiek/ifvtex.sty
Package: ifvtex 2016/05/16 v1.6 Detect VTeX and its facilities (HO)
Package ifvtex Info: VTeX not detected.
) (/usr/local/texlive/2019/texmf-dist/tex/latex/hyperref/hyperref.sty
Package: hyperref 2018/11/30 v6.88e Hypertext links for LaTeX
(/usr/local/texlive/2019/texmf-dist/tex/generic/oberdiek/hobsub-hyperref.sty
Package: hobsub-hyperref 2016/05/16 v1.14 Bundle oberdiek, subset hyperref (HO)

(/usr/local/texlive/2019/texmf-dist/tex/generic/oberdiek/hobsub-generic.sty
Package: hobsub-generic 2016/05/16 v1.14 Bundle oberdiek, subset generic (HO)
Package: hobsub 2016/05/16 v1.14 Construct package bundles (HO)
Package hobsub Info: Skipping package `infwarerr' (already loaded).
Package hobsub Info: Skipping package `ltxcmds' (already loaded).
Package hobsub Info: Skipping package `ifluatex' (already loaded).
Package hobsub Info: Skipping package `ifvtex' (already loaded).
Package: intcalc 2016/05/16 v1.2 Expandable calculations with integers (HO)
Package hobsub Info: Skipping package `ifpdf' (already loaded).
Package hobsub Info: Skipping package `etexcmds' (already loaded).
Package hobsub Info: Skipping package `kvsetkeys' (already loaded).
Package: kvdefinekeys 2016/05/16 v1.4 Define keys (HO)
Package hobsub Info: Skipping package `pdftexcmds' (already loaded).
Package hobsub Info: Skipping package `pdfescape' (already loaded).
Package: bigintcalc 2016/05/16 v1.4 Expandable calculations on big integers (HO
)
Package: bitset 2016/05/16 v1.2 Handle bit-vector datatype (HO)
Package: uniquecounter 2016/05/16 v1.3 Provide unlimited unique counter (HO)
)
Package hobsub Info: Skipping package `hobsub' (already loaded).
Package: letltxmacro 2016/05/16 v1.5 Let assignment for LaTeX macros (HO)
Package: hopatch 2016/05/16 v1.3 Wrapper for package hooks (HO)
Package: xcolor-patch 2016/05/16 xcolor patch
Package: atveryend 2016/05/16 v1.9 Hooks at the very end of document (HO)
Package: atbegshi 2016/06/09 v1.18 At begin shipout hook (HO)
Package: refcount 2016/05/16 v3.5 Data extraction from label references (HO)
Package: hycolor 2016/05/16 v1.8 Color options for hyperref/bookmark (HO)
) (/usr/local/texlive/2019/texmf-dist/tex/latex/oberdiek/auxhook.sty
Package: auxhook 2016/05/16 v1.4 Hooks for auxiliary files (HO)
)
\@linkdim=\dimen113
\Hy@linkcounter=\count104
\Hy@pagecounter=\count105
(/usr/local/texlive/2019/texmf-dist/tex/latex/hyperref/pd1enc.def
File: pd1enc.def 2018/11/30 v6.88e Hyperref: PDFDocEncoding definition (HO)
Now handling font encoding PD1 ...
... no UTF-8 mapping file for font encoding PD1
)
\Hy@SavedSpaceFactor=\count106
(/usr/local/texlive/2019/texmf-dist/tex/latex/latexconfig/hyperref.cfg
File: hyperref.cfg 2002/06/06 v1.2 hyperref configuration of TeXLive
)
Package hyperref Info: Option `unicode' set `true' on input line 4393.
(/usr/local/texlive/2019/texmf-dist/tex/latex/hyperref/puenc.def
File: puenc.def 2018/11/30 v6.88e Hyperref: PDF Unicode definition (HO)
Now handling font encoding PU ...
... no UTF-8 mapping file for font encoding PU
)
Package hyperref Info: Hyper figures OFF on input line 4519.
Package hyperref Info: Link nesting OFF on input line 4524.
Package hyperref Info: Hyper index ON on input line 4527.
Package hyperref Info: Plain pages OFF on input line 4534.
Package hyperref Info: Backreferencing OFF on input line 4539.
Package hyperref Info: Implicit mode ON; LaTeX internals redefined.
Package hyperref Info: Bookmarks ON on input line 4772.
\c@Hy@tempcnt=\count107
LaTeX Info: Redefining \url on input line 5125.
\XeTeXLinkMargin=\dimen114
\Fld@menulength=\count108
\Field@Width=\dimen115
\Fld@charsize=\dimen116
Package hyperref Info: Hyper figures OFF on input line 6380.
Package hyperref Info: Link nesting OFF on input line 6385.
Package hyperref Info: Hyper index ON on input line 6388.
Package hyperref Info: backreferencing OFF on input line 6395.
Package hyperref Info: Link coloring OFF on input line 6400.
Package hyperref Info: Link coloring with OCG OFF on input line 6405.
Package hyperref Info: PDF/A mode OFF on input line 6410.
LaTeX Info: Redefining \ref on input line 6450.
LaTeX Info: Redefining \pageref on input line 6454.
\Hy@abspage=\count109
\c@Item=\count110
\c@Hfootnote=\count111
)
Package hyperref Info: Driver (autodetected): hpdftex.
(/usr/local/texlive/2019/texmf-dist/tex/latex/hyperref/hpdftex.def
File: hpdftex.def 2018/11/30 v6.88e Hyperref driver for pdfTeX
\Fld@listcount=\count112
\c@bookmark@seq@number=\count113
(/usr/local/texlive/2019/texmf-dist/tex/latex/oberdiek/rerunfilecheck.sty
Package: rerunfilecheck 2016/05/16 v1.8 Rerun checks for auxiliary files (HO)
Package uniquecounter Info: New unique counter `rerunfilecheck' on input line 2
82.
)
\Hy@SectionHShift=\skip47
) (/usr/local/texlive/2019/texmf-dist/tex/latex/oberdiek/bkm-pdftex.def
File: bkm-pdftex.def 2016/05/17 v1.26 bookmark driver for pdfTeX (HO)
\BKM@id=\count114
)) (/usr/local/texlive/2019/texmf-dist/tex/latex/fancyvrb/fancyvrb.sty
Package: fancyvrb 2019/01/15
Style option: `fancyvrb' v3.2a <2019/01/15> (tvz)
\FV@CodeLineNo=\count115
\FV@InFile=\read1
\FV@TabBox=\box29
\c@FancyVerbLine=\count116
\FV@StepNumber=\count117
\FV@OutFile=\write3
) (/usr/local/texlive/2019/texmf-dist/tex/latex/framed/framed.sty
Package: framed 2011/10/22 v 0.96: framed or shaded text with page breaks
\OuterFrameSep=\skip48
\fb@frw=\dimen117
\fb@frh=\dimen118
\FrameRule=\dimen119
\FrameSep=\dimen120
) (/usr/local/texlive/2019/texmf-dist/tex/latex/tools/longtable.sty
Package: longtable 2014/10/28 v4.11 Multi-page Table package (DPC)+ FMi change
\LTleft=\skip49
\LTright=\skip50
\LTpre=\skip51
\LTpost=\skip52
\LTchunksize=\count118
\LTcapwidth=\dimen121
\LT@head=\box30
\LT@firsthead=\box31
\LT@foot=\box32
\LT@lastfoot=\box33
\LT@cols=\count119
\LT@rows=\count120
\c@LT@tables=\count121
\c@LT@chunks=\count122
\LT@p@ftn=\toks23
) (/usr/local/texlive/2019/texmf-dist/tex/latex/booktabs/booktabs.sty
Package: booktabs 2016/04/27 v1.618033 publication quality tables
\heavyrulewidth=\dimen122
\lightrulewidth=\dimen123
\cmidrulewidth=\dimen124
\belowrulesep=\dimen125
\belowbottomsep=\dimen126
\aboverulesep=\dimen127
\abovetopsep=\dimen128
\cmidrulesep=\dimen129
\cmidrulekern=\dimen130
\defaultaddspace=\dimen131
\@cmidla=\count123
\@cmidlb=\count124
\@aboverulesep=\dimen132
\@belowrulesep=\dimen133
\@thisruleclass=\count125
\@lastruleclass=\count126
\@thisrulewidth=\dimen134
) (/usr/local/texlive/2019/texmf-dist/tex/latex/tools/array.sty
Package: array 2018/12/30 v2.4k Tabular extension package (FMi)
\col@sep=\dimen135
\ar@mcellbox=\box34
\extrarowheight=\dimen136
\NC@list=\toks24
\extratabsurround=\skip53
\backup@length=\skip54
\ar@cellbox=\box35
) (/usr/local/texlive/2019/texmf-dist/tex/latex/tools/calc.sty
Package: calc 2017/05/25 v4.3 Infix arithmetic (KKT,FJ)
\calc@Acount=\count127
\calc@Bcount=\count128
\calc@Adimen=\dimen137
\calc@Bdimen=\dimen138
\calc@Askip=\skip55
\calc@Bskip=\skip56
LaTeX Info: Redefining \setlength on input line 80.
LaTeX Info: Redefining \addtolength on input line 81.
\calc@Ccount=\count129
\calc@Cskip=\skip57
) (/usr/local/texlive/2019/texmf-dist/tex/latex/footnotehyper/footnotehyper.sty
Package: footnotehyper 2018/01/23 v1.1 hyperref aware footnote.sty (JFB)
\FNH@notes=\box36
\FNH@width=\dimen139
) (/usr/local/texlive/2019/texmf-dist/tex/latex/graphics/graphicx.sty
Package: graphicx 2017/06/01 v1.1a Enhanced LaTeX Graphics (DPC,SPQR)
(/usr/local/texlive/2019/texmf-dist/tex/latex/graphics/graphics.sty
Package: graphics 2017/06/25 v1.2c Standard LaTeX Graphics (DPC,SPQR)
(/usr/local/texlive/2019/texmf-dist/tex/latex/graphics/trig.sty
Package: trig 2016/01/03 v1.10 sin cos tan (DPC)
) (/usr/local/texlive/2019/texmf-dist/tex/latex/graphics-cfg/graphics.cfg
File: graphics.cfg 2016/06/04 v1.11 sample graphics configuration
)
Package graphics Info: Driver file: pdftex.def on input line 99.
)
\Gin@req@height=\dimen140
\Gin@req@width=\dimen141
) (/usr/local/texlive/2019/texmf-dist/tex/latex/amscls/amsthm.sty
Package: amsthm 2017/10/31 v2.20.4
\thm@style=\toks25
\thm@bodyfont=\toks26
\thm@headfont=\toks27
\thm@notefont=\toks28
\thm@headpunct=\toks29
\thm@preskip=\skip58
\thm@postskip=\skip59
\thm@headsep=\skip60
\dth@everypar=\toks30
) (/usr/local/texlive/2019/texmf-dist/tex/latex/oberdiek/epstopdf.sty
Package: epstopdf 2016/05/15 v2.6 Conversion with epstopdf on the fly (HO)
(/usr/local/texlive/2019/texmf-dist/tex/latex/oberdiek/epstopdf-base.sty
Package: epstopdf-base 2016/05/15 v2.6 Base part for package epstopdf
(/usr/local/texlive/2019/texmf-dist/tex/latex/oberdiek/grfext.sty
Package: grfext 2016/05/16 v1.2 Manage graphics extensions (HO)
)
Package epstopdf-base Info: Redefining graphics rule for `.eps' on input line 4
38.
Package grfext Info: Graphics extension search list:
(grfext)             [.pdf,.png,.jpg,.mps,.jpeg,.jbig2,.jb2,.PDF,.PNG,.JPG,.JPE
G,.JBIG2,.JB2,.eps]
(grfext)             \AppendGraphicsExtensions on input line 456.
(/usr/local/texlive/2019/texmf-dist/tex/latex/latexconfig/epstopdf-sys.cfg
File: epstopdf-sys.cfg 2010/07/13 v1.3 Configuration of (r)epstopdf for TeX Liv
e
)))
Package grfext Info: Graphics extension search list:
(grfext)             [.pdf,.png,.jpg,.mps,.jpeg,.jbig2,.jb2,.PDF,.PNG,.JPG,.JPE
G,.JBIG2,.JB2,.eps,.gif]
(grfext)             \AppendGraphicsExtensions on input line 123.
(/usr/local/texlive/2019/texmf-dist/tex/generic/babel/babel.sty
Package: babel 2019/05/04 3.31 The Babel package
(/usr/local/texlive/2019/texmf-dist/tex/generic/babel/switch.def
File: switch.def 2019/05/04 3.31 Babel switching mechanism
) (/usr/local/texlive/2019/texmf-dist/tex/generic/babel-french/french.ldf
Language: french 2019/03/30 v3.5e French support from the babel system
(/usr/local/texlive/2019/texmf-dist/tex/generic/babel/babel.def
File: babel.def 2019/05/04 3.31 Babel common definitions
\babel@savecnt=\count130
\U@D=\dimen142
(/usr/local/texlive/2019/texmf-dist/tex/generic/babel/txtbabel.def)
\bbl@dirlevel=\count131
)
\l@acadian = a dialect from \language\l@french 
\FB@nonchar=\count132
Package babel Info: Making : an active character on input line 414.
Package babel Info: Making ; an active character on input line 415.
Package babel Info: Making ! an active character on input line 416.
Package babel Info: Making ? an active character on input line 417.
\FBguill@level=\count133
\FBold@everypar=\toks31
\FB@Mht=\dimen143
\mc@charclass=\count134
\mc@charfam=\count135
\mc@charslot=\count136
\std@mcc=\count137
\dec@mcc=\count138
\c@FBcaption@count=\count139
\listindentFB=\dimen144
\descindentFB=\dimen145
\labelindentFB=\dimen146
\labelwidthFB=\dimen147
\leftmarginFB=\dimen148
\parindentFFN=\dimen149
\FBfnindent=\dimen150
) (/usr/local/texlive/2019/texmf-dist/tex/generic/babel-french/french.ldf
Language: french 2019/03/30 v3.5e French support from the babel system
)) (/usr/local/texlive/2019/texmf-dist/tex/latex/carlisle/scalefnt.sty) (/usr/l
ocal/texlive/2019/texmf-dist/tex/latex/natbib/natbib.sty
Package: natbib 2010/09/13 8.31b (PWD, AO)
\bibhang=\skip61
\bibsep=\skip62
LaTeX Info: Redefining \cite on input line 694.
\c@NAT@ctr=\count140
) (./traitement-video.aux)
\openout1 = `traitement-video.aux'.

LaTeX Font Info:    Checking defaults for OML/cmm/m/it on input line 146.
LaTeX Font Info:    ... okay on input line 146.
LaTeX Font Info:    Checking defaults for T1/cmr/m/n on input line 146.
LaTeX Font Info:    ... okay on input line 146.
LaTeX Font Info:    Checking defaults for OT1/cmr/m/n on input line 146.
LaTeX Font Info:    ... okay on input line 146.
LaTeX Font Info:    Checking defaults for OMS/cmsy/m/n on input line 146.
LaTeX Font Info:    ... okay on input line 146.
LaTeX Font Info:    Checking defaults for OMX/cmex/m/n on input line 146.
LaTeX Font Info:    ... okay on input line 146.
LaTeX Font Info:    Checking defaults for U/cmr/m/n on input line 146.
LaTeX Font Info:    ... okay on input line 146.
LaTeX Font Info:    Checking defaults for TS1/cmr/m/n on input line 146.
LaTeX Font Info:    Try loading font information for TS1+cmr on input line 146.

(/usr/local/texlive/2019/texmf-dist/tex/latex/base/ts1cmr.fd
File: ts1cmr.fd 2014/09/29 v2.5h Standard LaTeX font definitions
)
LaTeX Font Info:    ... okay on input line 146.
LaTeX Font Info:    Checking defaults for PD1/pdf/m/n on input line 146.
LaTeX Font Info:    ... okay on input line 146.
LaTeX Font Info:    Checking defaults for PU/pdf/m/n on input line 146.
LaTeX Font Info:    ... okay on input line 146.
LaTeX Font Info:    Try loading font information for T1+lmr on input line 146.
(/usr/local/texlive/2019/texmf-dist/tex/latex/lm/t1lmr.fd
File: t1lmr.fd 2009/10/30 v1.6 Font defs for Latin Modern
)
LaTeX Info: Redefining \microtypecontext on input line 146.
Package microtype Info: Generating PDF output.
Package microtype Info: Character protrusion enabled (level 2).
Package microtype Info: Using protrusion set `basicmath'.
Package microtype Info: Automatic font expansion enabled (level 2),
(microtype)             stretch: 20, shrink: 20, step: 1, non-selected.
Package microtype Info: Using default expansion set `basictext'.
Package microtype Info: No adjustment of tracking.
Package microtype Info: No adjustment of interword spacing.
Package microtype Info: No adjustment of character kerning.
(/usr/local/texlive/2019/texmf-dist/tex/latex/microtype/mt-cmr.cfg
File: mt-cmr.cfg 2013/05/19 v2.2 microtype config. file: Computer Modern Roman 
(RS)
) (/usr/local/texlive/2019/texmf-dist/tex/context/base/mkii/supp-pdf.mkii
[Loading MPS to PDF converter (version 2006.09.02).]
\scratchcounter=\count141
\scratchdimen=\dimen151
\scratchbox=\box37
\nofMPsegments=\count142
\nofMParguments=\count143
\everyMPshowfont=\toks32
\MPscratchCnt=\count144
\MPscratchDim=\dimen152
\MPnumerator=\count145
\makeMPintoPDFobject=\count146
\everyMPtoPDFconversion=\toks33
)
\AtBeginShipoutBox=\box38
Package hyperref Info: Link coloring OFF on input line 146.
(/usr/local/texlive/2019/texmf-dist/tex/latex/hyperref/nameref.sty
Package: nameref 2016/05/21 v2.44 Cross-referencing by name of section
(/usr/local/texlive/2019/texmf-dist/tex/generic/oberdiek/gettitlestring.sty
Package: gettitlestring 2016/05/16 v1.5 Cleanup title references (HO)
)
\c@section@level=\count147
)
LaTeX Info: Redefining \ref on input line 146.
LaTeX Info: Redefining \pageref on input line 146.
LaTeX Info: Redefining \nameref on input line 146.
LaTeX Info: Redefining \degres on input line 146.
LaTeX Info: Redefining \dots on input line 146.

Package french.ldf Warning: Please load the "natbib" package
(french.ldf)                BEFORE babel/french; reported on input line 146.

LaTeX Info: Redefining \up on input line 146.
LaTeX Font Info:    Try loading font information for OT1+lmr on input line 148.

(/usr/local/texlive/2019/texmf-dist/tex/latex/lm/ot1lmr.fd
File: ot1lmr.fd 2009/10/30 v1.6 Font defs for Latin Modern
)
LaTeX Font Info:    Try loading font information for OML+lmm on input line 148.

(/usr/local/texlive/2019/texmf-dist/tex/latex/lm/omllmm.fd
File: omllmm.fd 2009/10/30 v1.6 Font defs for Latin Modern
)
LaTeX Font Info:    Try loading font information for OMS+lmsy on input line 148
.
(/usr/local/texlive/2019/texmf-dist/tex/latex/lm/omslmsy.fd
File: omslmsy.fd 2009/10/30 v1.6 Font defs for Latin Modern
)
LaTeX Font Info:    Try loading font information for OMX+lmex on input line 148
.
(/usr/local/texlive/2019/texmf-dist/tex/latex/lm/omxlmex.fd
File: omxlmex.fd 2009/10/30 v1.6 Font defs for Latin Modern
)
LaTeX Font Info:    External font `lmex10' loaded for size
(Font)              <12> on input line 148.
LaTeX Font Info:    External font `lmex10' loaded for size
(Font)              <8> on input line 148.
LaTeX Font Info:    External font `lmex10' loaded for size
(Font)              <6> on input line 148.
LaTeX Font Info:    Try loading font information for U+msa on input line 148.
(/usr/local/texlive/2019/texmf-dist/tex/latex/amsfonts/umsa.fd
File: umsa.fd 2013/01/14 v3.01 AMS symbols A
) (/usr/local/texlive/2019/texmf-dist/tex/latex/microtype/mt-msa.cfg
File: mt-msa.cfg 2006/02/04 v1.1 microtype config. file: AMS symbols (a) (RS)
)
LaTeX Font Info:    Try loading font information for U+msb on input line 148.
(/usr/local/texlive/2019/texmf-dist/tex/latex/amsfonts/umsb.fd
File: umsb.fd 2013/01/14 v3.01 AMS symbols B
) (/usr/local/texlive/2019/texmf-dist/tex/latex/microtype/mt-msb.cfg
File: mt-msb.cfg 2005/06/01 v1.0 microtype config. file: AMS symbols (b) (RS)
) [1


{/usr/local/texlive/2019/texmf-var/fonts/map/pdftex/updmap/pdftex.map}] [2

] (./traitement-video.toc
LaTeX Font Info:    External font `lmex10' loaded for size
(Font)              <10> on input line 3.
LaTeX Font Info:    External font `lmex10' loaded for size
(Font)              <7> on input line 3.
LaTeX Font Info:    External font `lmex10' loaded for size
(Font)              <5> on input line 3.
[3] [4] [5])
\tf@toc=\write4
\openout4 = `traitement-video.toc'.

[6]
<images/vectorscope.jpg, id=316, 3001.2125pt x 2789.42125pt>
File: images/vectorscope.jpg Graphic file (type jpg)
<use images/vectorscope.jpg>
Package pdftex.def Info: images/vectorscope.jpg  used on input line 159.
(pdftex.def)             Requested size: 344.9719pt x 320.62773pt.
Package microtype Info: Character `029' is missing
(microtype)             in font `T1/lmr/m/sc/10'.
(microtype)             Ignoring protrusion settings for this character.

Underfull \hbox (badness 10000) in paragraph at lines 172--174
[]\T1/lmr/m/it/10 (+20) GIT\T1/lmr/m/n/10 (+20) ([]Torvalds[], []2006[]) hé-ber
gé []github.com/tim-montmorency/543-
 []

[7

 <./images/vectorscope.jpg>] [8]
Chapitre 1.
[9

] [10]
Underfull \hbox (badness 10000) in paragraph at lines 345--347

 []


Underfull \hbox (badness 10000) in paragraph at lines 382--384

 []


Underfull \hbox (badness 10000) in paragraph at lines 417--419

 []


Underfull \hbox (badness 10000) in paragraph at lines 419--421

 []

[11]
Underfull \hbox (badness 10000) in paragraph at lines 449--450

 []


Underfull \hbox (badness 10000) in paragraph at lines 495--497

 []


Underfull \hbox (badness 10000) in paragraph at lines 497--499

 []

[12]
Underfull \hbox (badness 10000) in paragraph at lines 532--534

 []

[13] [14

]
Chapitre 2.

Overfull \hbox (3.21313pt too wide) in alignment at lines 549--553
 [] [] [] 
 []


Overfull \hbox (3.21313pt too wide) in alignment at lines 553--650
 [] [] [] 
 []

[15] [16] [17] [18] [19] [20]
Chapitre 3.
LaTeX Font Info:    Try loading font information for T1+lmtt on input line 937.

(/usr/local/texlive/2019/texmf-dist/tex/latex/lm/t1lmtt.fd
File: t1lmtt.fd 2009/10/30 v1.6 Font defs for Latin Modern
)
LaTeX Font Info:    Try loading font information for TS1+lmtt on input line 938
.
(/usr/local/texlive/2019/texmf-dist/tex/latex/lm/ts1lmtt.fd
File: ts1lmtt.fd 2009/10/30 v1.6 Font defs for Latin Modern
) [21

]
Underfull \hbox (badness 10000) in paragraph at lines 1019--1020

 []


Package hyperref Warning: Suppressing link with empty target on input line 1039
.

[22]
Overfull \hbox (102.98495pt too wide) has occurred while \output is active
\T1/lmr/m/sl/10 3.5.  PERFORMANCE AUDIOVISUELLE TEMPS RÉEL ET DOCUMENT ACCOMPAG
NATEUR \T1/lmr/m/n/10 23
 []

[23] [24]
Chapitre 4.
<medias/corpus/muybridge/Optic_Projection_fig_411.jpg, id=733, 105.18504pt x 12
5.93584pt>
File: medias/corpus/muybridge/Optic_Projection_fig_411.jpg Graphic file (type j
pg)
<use medias/corpus/muybridge/Optic_Projection_fig_411.jpg>
Package pdftex.def Info: medias/corpus/muybridge/Optic_Projection_fig_411.jpg  
used on input line 1199.
(pdftex.def)             Requested size: 172.5206pt x 206.5553pt.
Package epstopdf Info: Source file: <medias/corpus/muybridge/Zoopraxiscope_1648
5d.gif>
(epstopdf)                    date: 2021-02-22 11:22:58
(epstopdf)                    size: 152044 bytes
(epstopdf)             Output file: <medias/corpus/muybridge/Zoopraxiscope_1648
5d-gif-converted-to.png>
(epstopdf)                    date: 2021-02-22 11:22:58
(epstopdf)                    size: 203489 bytes
(epstopdf)             Command: <convert gif:medias/corpus/muybridge/Zoopraxisc
ope_16485d.gif.gifpng:medias/corpus/muybridge/Zoopraxiscope_16485d-gif-converte
d-to.png>
(epstopdf)             \includegraphics on input line 1205.
Package epstopdf Info: Output file is already uptodate.
<medias/corpus/muybridge/Zoopraxiscope_16485d-gif-converted-to.png, id=734, 200
.75pt x 200.75pt>
File: medias/corpus/muybridge/Zoopraxiscope_16485d-gif-converted-to.png Graphic
 file (type png)
<use medias/corpus/muybridge/Zoopraxiscope_16485d-gif-converted-to.png>
Package pdftex.def Info: medias/corpus/muybridge/Zoopraxiscope_16485d-gif-conve
rted-to.png  used on input line 1205.
(pdftex.def)             Requested size: 172.51297pt x 172.51297pt.
Package epstopdf Info: Source file: <medias/corpus/muybridge/Phenakistoscope.gi
f>
(epstopdf)                    date: 2021-02-22 11:22:58
(epstopdf)                    size: 3054205 bytes
(epstopdf)             Output file: <medias/corpus/muybridge/Phenakistoscope-gi
f-converted-to.png>
(epstopdf)                    date: 2021-02-22 11:22:58
(epstopdf)                    size: 215391 bytes
(epstopdf)             Command: <convert gif:medias/corpus/muybridge/Phenakisto
scope.gif.gifpng:medias/corpus/muybridge/Phenakistoscope-gif-converted-to.png>
(epstopdf)             \includegraphics on input line 1211.
Package epstopdf Info: Output file is already uptodate.
<medias/corpus/muybridge/Phenakistoscope-gif-converted-to.png, id=736, 803.0pt 
x 803.0pt>
File: medias/corpus/muybridge/Phenakistoscope-gif-converted-to.png Graphic file
 (type png)
<use medias/corpus/muybridge/Phenakistoscope-gif-converted-to.png>
Package pdftex.def Info: medias/corpus/muybridge/Phenakistoscope-gif-converted-
to.png  used on input line 1211.
(pdftex.def)             Requested size: 172.4946pt x 172.4946pt.
<medias/corpus/muybridge/3695958436_43ae8a57db_b.jpg, id=737, 1027.84pt x 791.9
5876pt>
File: medias/corpus/muybridge/3695958436_43ae8a57db_b.jpg Graphic file (type jp
g)
<use medias/corpus/muybridge/3695958436_43ae8a57db_b.jpg>
Package pdftex.def Info: medias/corpus/muybridge/3695958436_43ae8a57db_b.jpg  u
sed on input line 1217.
(pdftex.def)             Requested size: 345.00685pt x 265.83047pt.
[25

 <./medias/corpus/muybridge/Optic_Projection_fig_411.jpg>] [26 <./medias/corpus
/muybridge/Zoopraxiscope_16485d-gif-converted-to.png> <./medias/corpus/muybridg
e/Phenakistoscope-gif-converted-to.png>] [27 <./medias/corpus/muybridge/3695958
436_43ae8a57db_b.jpg>]
<medias/corpus/melies/George_Melies.jpg, id=766, 1995.455pt x 2810.5pt>
File: medias/corpus/melies/George_Melies.jpg Graphic file (type jpg)
<use medias/corpus/melies/George_Melies.jpg>
Package pdftex.def Info: medias/corpus/melies/George_Melies.jpg  used on input 
line 1236.
(pdftex.def)             Requested size: 172.48878pt x 242.94194pt.
Package epstopdf Info: Source file: <medias/corpus/melies/voyage_dans_la_lune.g
if>
(epstopdf)                    date: 2021-02-22 11:22:58
(epstopdf)                    size: 1383436 bytes
(epstopdf)             Output file: <medias/corpus/melies/voyage_dans_la_lune-g
if-converted-to.png>
(epstopdf)                    date: 2021-02-22 11:22:58
(epstopdf)                    size: 62172 bytes
(epstopdf)             Command: <convert gif:medias/corpus/melies/voyage_dans_l
a_lune.gif.gifpng:medias/corpus/melies/voyage_dans_la_lune-gif-converted-to.png
>
(epstopdf)             \includegraphics on input line 1242.
Package epstopdf Info: Output file is already uptodate.
<medias/corpus/melies/voyage_dans_la_lune-gif-converted-to.png, id=767, 495.852
5pt x 387.4475pt>
File: medias/corpus/melies/voyage_dans_la_lune-gif-converted-to.png Graphic fil
e (type png)
<use medias/corpus/melies/voyage_dans_la_lune-gif-converted-to.png>
Package pdftex.def Info: medias/corpus/melies/voyage_dans_la_lune-gif-converted
-to.png  used on input line 1242.
(pdftex.def)             Requested size: 172.49928pt x 134.78688pt.
Package epstopdf Info: Source file: <medias/corpus/melies/sirene_1904.gif>
(epstopdf)                    date: 2021-02-22 11:22:58
(epstopdf)                    size: 1020461 bytes
(epstopdf)             Output file: <medias/corpus/melies/sirene_1904-gif-conve
rted-to.png>
(epstopdf)                    date: 2021-02-22 11:22:58
(epstopdf)                    size: 78305 bytes
(epstopdf)             Command: <convert gif:medias/corpus/melies/sirene_1904.g
if.gifpng:medias/corpus/melies/sirene_1904-gif-converted-to.png>
(epstopdf)             \includegraphics on input line 1248.
Package epstopdf Info: Output file is already uptodate.
<medias/corpus/melies/sirene_1904-gif-converted-to.png, id=768, 501.875pt x 385
.44pt>
File: medias/corpus/melies/sirene_1904-gif-converted-to.png Graphic file (type 
png)
<use medias/corpus/melies/sirene_1904-gif-converted-to.png>
Package pdftex.def Info: medias/corpus/melies/sirene_1904-gif-converted-to.png 
 used on input line 1248.
(pdftex.def)             Requested size: 172.50378pt x 132.48291pt.
Package epstopdf Info: Source file: <medias/corpus/melies/b25.gif>
(epstopdf)                    date: 2021-02-22 11:22:58
(epstopdf)                    size: 1005007 bytes
(epstopdf)             Output file: <medias/corpus/melies/b25-gif-converted-to.
png>
(epstopdf)                    date: 2021-02-22 11:22:58
(epstopdf)                    size: 98523 bytes
(epstopdf)             Command: <convert gif:medias/corpus/melies/b25.gif.gifpn
g:medias/corpus/melies/b25-gif-converted-to.png>
(epstopdf)             \includegraphics on input line 1254.
Package epstopdf Info: Output file is already uptodate.
<medias/corpus/melies/b25-gif-converted-to.png, id=769, 481.8pt x 347.2975pt>
File: medias/corpus/melies/b25-gif-converted-to.png Graphic file (type png)
<use medias/corpus/melies/b25-gif-converted-to.png>
Package pdftex.def Info: medias/corpus/melies/b25-gif-converted-to.png  used on
 input line 1254.
(pdftex.def)             Requested size: 172.4995pt x 124.34338pt.
<medias/corpus/vertov/Dziga-Vertov.jpg, id=772, 501.875pt x 402.50375pt>
File: medias/corpus/vertov/Dziga-Vertov.jpg Graphic file (type jpg)
<use medias/corpus/vertov/Dziga-Vertov.jpg>
Package pdftex.def Info: medias/corpus/vertov/Dziga-Vertov.jpg  used on input l
ine 1271.
(pdftex.def)             Requested size: 345.01523pt x 276.70221pt.
<medias/corpus/vertov/ManWAMovieCamera_1929_DzigaVertov.jpg, id=773, 144.54pt x
 154.8987pt>
File: medias/corpus/vertov/ManWAMovieCamera_1929_DzigaVertov.jpg Graphic file (
type jpg)
<use medias/corpus/vertov/ManWAMovieCamera_1929_DzigaVertov.jpg>
Package pdftex.def Info: medias/corpus/vertov/ManWAMovieCamera_1929_DzigaVertov
.jpg  used on input line 1277.
(pdftex.def)             Requested size: 144.54623pt x 154.90538pt.
<medias/corpus/vertov/bild.jpg, id=774, 481.8pt x 358.33875pt>
File: medias/corpus/vertov/bild.jpg Graphic file (type jpg)
<use medias/corpus/vertov/bild.jpg>
Package pdftex.def Info: medias/corpus/vertov/bild.jpg  used on input line 1283
.
(pdftex.def)             Requested size: 345.00635pt x 256.59848pt.
<medias/corpus/boccioni/Umberto_Boccioni,_1913,_Dynamism_of_a_Cyclist_(Dinamism
o_di_un_ciclista),_oil_on_canvas,_70_x_95_cm,_Gianni_Mattioli_Collection,_on_lo
ng-term_loan_to_the_Peggy_Guggenheim_Collection,_Venice.jpg, id=779, 3490.03876
pt x 2529.45pt>
File: medias/corpus/boccioni/Umberto_Boccioni,_1913,_Dynamism_of_a_Cyclist_(Din
amismo_di_un_ciclista),_oil_on_canvas,_70_x_95_cm,_Gianni_Mattioli_Collection,_
on_long-term_loan_to_the_Peggy_Guggenheim_Collection,_Venice.jpg Graphic file (
type jpg)
<use medias/corpus/boccioni/Umberto_Boccioni,_1913,_Dynamism_of_a_Cyclist_(Dina
mismo_di_un_ciclista),_oil_on_canvas,_70_x_95_cm,_Gianni_Mattioli_Collection,_o
n_long-term_loan_to_the_Peggy_Guggenheim_Collection,_Venice.jpg>
Package pdftex.def Info: medias/corpus/boccioni/Umberto_Boccioni,_1913,_Dynamis
m_of_a_Cyclist_(Dinamismo_di_un_ciclista),_oil_on_canvas,_70_x_95_cm,_Gianni_Ma
ttioli_Collection,_on_long-term_loan_to_the_Peggy_Guggenheim_Collection,_Venice
.jpg  used on input line 1303.
(pdftex.def)             Requested size: 344.97705pt x 250.0265pt.
<medias/corpus/bragaglia/Bragaglia_a_giulio.jpg, id=782, 372.1905pt x 474.3321p
t>
File: medias/corpus/bragaglia/Bragaglia_a_giulio.jpg Graphic file (type jpg)
<use medias/corpus/bragaglia/Bragaglia_a_giulio.jpg>
Package pdftex.def Info: medias/corpus/bragaglia/Bragaglia_a_giulio.jpg  used o
n input line 1312.
(pdftex.def)             Requested size: 172.49887pt x 219.83838pt.
<medias/corpus/bragaglia/Anton-Giulio-Bragaglia-fotodinamica-02.jpg, id=783, 70
2.625pt x 532.99126pt>
File: medias/corpus/bragaglia/Anton-Giulio-Bragaglia-fotodinamica-02.jpg Graphi
c file (type jpg)
<use medias/corpus/bragaglia/Anton-Giulio-Bragaglia-fotodinamica-02.jpg>
Package pdftex.def Info: medias/corpus/bragaglia/Anton-Giulio-Bragaglia-fotodin
amica-02.jpg  used on input line 1318.
(pdftex.def)             Requested size: 258.75568pt x 196.28467pt.
<medias/corpus/bragaglia/Anton-Giulio-Bragaglia-fotodinamica-04.jpg, id=784, 70
2.625pt x 562.1pt>
File: medias/corpus/bragaglia/Anton-Giulio-Bragaglia-fotodinamica-04.jpg Graphi
c file (type jpg)
<use medias/corpus/bragaglia/Anton-Giulio-Bragaglia-fotodinamica-04.jpg>
Package pdftex.def Info: medias/corpus/bragaglia/Anton-Giulio-Bragaglia-fotodin
amica-04.jpg  used on input line 1324.
(pdftex.def)             Requested size: 258.75568pt x 207.00455pt.
<medias/corpus/bragaglia/Anton-Giulio-Bragaglia-fotodinamica-05.jpg, id=785, 70
2.625pt x 736.7525pt>
File: medias/corpus/bragaglia/Anton-Giulio-Bragaglia-fotodinamica-05.jpg Graphi
c file (type jpg)
<use medias/corpus/bragaglia/Anton-Giulio-Bragaglia-fotodinamica-05.jpg>
Package pdftex.def Info: medias/corpus/bragaglia/Anton-Giulio-Bragaglia-fotodin
amica-05.jpg  used on input line 1330.
(pdftex.def)             Requested size: 258.75568pt x 271.32382pt.
<medias/corpus/bragaglia/Anton-Giulio-Bragaglia-fotodinamica-06.jpg, id=786, 70
2.625pt x 751.80875pt>
File: medias/corpus/bragaglia/Anton-Giulio-Bragaglia-fotodinamica-06.jpg Graphi
c file (type jpg)
<use medias/corpus/bragaglia/Anton-Giulio-Bragaglia-fotodinamica-06.jpg>
Package pdftex.def Info: medias/corpus/bragaglia/Anton-Giulio-Bragaglia-fotodin
amica-06.jpg  used on input line 1336.
(pdftex.def)             Requested size: 258.75568pt x 276.86858pt.
<medias/corpus/bragaglia/Anton-Giulio-Bragaglia-fotodinamica-07.jpg, id=787, 70
2.625pt x 739.76375pt>
File: medias/corpus/bragaglia/Anton-Giulio-Bragaglia-fotodinamica-07.jpg Graphi
c file (type jpg)
<use medias/corpus/bragaglia/Anton-Giulio-Bragaglia-fotodinamica-07.jpg>
Package pdftex.def Info: medias/corpus/bragaglia/Anton-Giulio-Bragaglia-fotodin
amica-07.jpg  used on input line 1342.
(pdftex.def)             Requested size: 258.75568pt x 272.43277pt.
<medias/corpus/bragaglia/Anton-Giulio-Bragaglia-fotodinamica-08.jpg, id=788, 70
2.625pt x 533.995pt>
File: medias/corpus/bragaglia/Anton-Giulio-Bragaglia-fotodinamica-08.jpg Graphi
c file (type jpg)
<use medias/corpus/bragaglia/Anton-Giulio-Bragaglia-fotodinamica-08.jpg>
Package pdftex.def Info: medias/corpus/bragaglia/Anton-Giulio-Bragaglia-fotodin
amica-08.jpg  used on input line 1348.
(pdftex.def)             Requested size: 258.75568pt x 196.65431pt.
<medias/corpus/bragaglia/Anton-Giulio-Bragaglia-fotodinamica-09.jpg, id=789, 70
2.625pt x 516.93124pt>
File: medias/corpus/bragaglia/Anton-Giulio-Bragaglia-fotodinamica-09.jpg Graphi
c file (type jpg)
<use medias/corpus/bragaglia/Anton-Giulio-Bragaglia-fotodinamica-09.jpg>
Package pdftex.def Info: medias/corpus/bragaglia/Anton-Giulio-Bragaglia-fotodin
amica-09.jpg  used on input line 1354.
(pdftex.def)             Requested size: 258.75568pt x 190.37025pt.
<medias/corpus/bragaglia/Anton-Giulio-Bragaglia-fotodinamica-11.jpg, id=790, 70
2.625pt x 495.8525pt>
File: medias/corpus/bragaglia/Anton-Giulio-Bragaglia-fotodinamica-11.jpg Graphi
c file (type jpg)
<use medias/corpus/bragaglia/Anton-Giulio-Bragaglia-fotodinamica-11.jpg>
Package pdftex.def Info: medias/corpus/bragaglia/Anton-Giulio-Bragaglia-fotodin
amica-11.jpg  used on input line 1360.
(pdftex.def)             Requested size: 258.75568pt x 182.60757pt.
<medias/corpus/bragaglia/Anton-Giulio-Bragaglia-fotodinamica-12.jpg, id=791, 70
2.625pt x 466.74374pt>
File: medias/corpus/bragaglia/Anton-Giulio-Bragaglia-fotodinamica-12.jpg Graphi
c file (type jpg)
<use medias/corpus/bragaglia/Anton-Giulio-Bragaglia-fotodinamica-12.jpg>
Package pdftex.def Info: medias/corpus/bragaglia/Anton-Giulio-Bragaglia-fotodin
amica-12.jpg  used on input line 1366.
(pdftex.def)             Requested size: 258.75568pt x 171.8877pt.
<medias/corpus/bragaglia/Anton-Giulio-Bragaglia-fotodinamica-13.jpg, id=792, 70
2.625pt x 504.88625pt>
File: medias/corpus/bragaglia/Anton-Giulio-Bragaglia-fotodinamica-13.jpg Graphi
c file (type jpg)
<use medias/corpus/bragaglia/Anton-Giulio-Bragaglia-fotodinamica-13.jpg>
Package pdftex.def Info: medias/corpus/bragaglia/Anton-Giulio-Bragaglia-fotodin
amica-13.jpg  used on input line 1372.
(pdftex.def)             Requested size: 258.75568pt x 185.93443pt.
[28 <./medias/corpus/melies/George_Melies.jpg>] [29 <./medias/corpus/melies/voy
age_dans_la_lune-gif-converted-to.png> <./medias/corpus/melies/sirene_1904-gif-
converted-to.png> <./medias/corpus/melies/b25-gif-converted-to.png>] [30 <./med
ias/corpus/vertov/Dziga-Vertov.jpg> <./medias/corpus/vertov/ManWAMovieCamera_19
29_DzigaVertov.jpg>] [31 <./medias/corpus/vertov/bild.jpg>] [32 <./medias/corpu
s/boccioni/Umberto_Boccioni,_1913,_Dynamism_of_a_Cyclist_(Dinamismo_di_un_cicli
sta),_oil_on_canvas,_70_x_95_cm,_Gianni_Mattioli_Collection,_on_long-term_loan_
to_the_Peggy_Guggenheim_Collection,_Venice.jpg> <./medias/corpus/bragaglia/Brag
aglia_a_giulio.jpg>] [33 <./medias/corpus/bragaglia/Anton-Giulio-Bragaglia-foto
dinamica-02.jpg> <./medias/corpus/bragaglia/Anton-Giulio-Bragaglia-fotodinamica
-04.jpg>] [34 <./medias/corpus/bragaglia/Anton-Giulio-Bragaglia-fotodinamica-05
.jpg>] [35 <./medias/corpus/bragaglia/Anton-Giulio-Bragaglia-fotodinamica-06.jp
g>] [36 <./medias/corpus/bragaglia/Anton-Giulio-Bragaglia-fotodinamica-07.jpg> 
<./medias/corpus/bragaglia/Anton-Giulio-Bragaglia-fotodinamica-08.jpg>] [37 <./
medias/corpus/bragaglia/Anton-Giulio-Bragaglia-fotodinamica-09.jpg> <./medias/c
orpus/bragaglia/Anton-Giulio-Bragaglia-fotodinamica-11.jpg>] [38 <./medias/corp
us/bragaglia/Anton-Giulio-Bragaglia-fotodinamica-12.jpg> <./medias/corpus/braga
glia/Anton-Giulio-Bragaglia-fotodinamica-13.jpg>]
<medias/corpus/duchamp/MarcelduchampEcologie_portrait_duchamp_20140916163736_20
140916163758.jpg, id=870, 803.0pt x 519.9425pt>
File: medias/corpus/duchamp/MarcelduchampEcologie_portrait_duchamp_201409161637
36_20140916163758.jpg Graphic file (type jpg)
<use medias/corpus/duchamp/MarcelduchampEcologie_portrait_duchamp_2014091616373
6_20140916163758.jpg>
Package pdftex.def Info: medias/corpus/duchamp/MarcelduchampEcologie_portrait_d
uchamp_20140916163736_20140916163758.jpg  used on input line 1389.
(pdftex.def)             Requested size: 258.75415pt x 167.54332pt.
<medias/corpus/duchamp/MarcelduchampEcologie_duchamp_rotoreliefs_1935_201409170
95658_20140917095757.jpg, id=871, 481.8pt x 334.24875pt>
File: medias/corpus/duchamp/MarcelduchampEcologie_duchamp_rotoreliefs_1935_2014
0917095658_20140917095757.jpg Graphic file (type jpg)
<use medias/corpus/duchamp/MarcelduchampEcologie_duchamp_rotoreliefs_1935_20140
917095658_20140917095757.jpg>
Package pdftex.def Info: medias/corpus/duchamp/MarcelduchampEcologie_duchamp_ro
toreliefs_1935_20140917095658_20140917095757.jpg  used on input line 1395.
(pdftex.def)             Requested size: 345.00635pt x 239.34814pt.
<medias/corpus/duchamp/MarcelduchampEcologie_ducha_rotative_plaque_verre_201409
17224650_20140917225046.jpg, id=872, 481.8pt x 361.35pt>
File: medias/corpus/duchamp/MarcelduchampEcologie_ducha_rotative_plaque_verre_2
0140917224650_20140917225046.jpg Graphic file (type jpg)
<use medias/corpus/duchamp/MarcelduchampEcologie_ducha_rotative_plaque_verre_20
140917224650_20140917225046.jpg>
Package pdftex.def Info: medias/corpus/duchamp/MarcelduchampEcologie_ducha_rota
tive_plaque_verre_20140917224650_20140917225046.jpg  used on input line 1401.
(pdftex.def)             Requested size: 345.00635pt x 258.75476pt.
<medias/corpus/brakhage/Stan_Brakhage_(circa_1976).jpg, id=875, 1586.92876pt x 
2124.93875pt>
File: medias/corpus/brakhage/Stan_Brakhage_(circa_1976).jpg Graphic file (type 
jpg)
<use medias/corpus/brakhage/Stan_Brakhage_(circa_1976).jpg>
Package pdftex.def Info: medias/corpus/brakhage/Stan_Brakhage_(circa_1976).jpg 
 used on input line 1435.
(pdftex.def)             Requested size: 172.48026pt x 230.95552pt.
[39 <./medias/corpus/duchamp/MarcelduchampEcologie_portrait_duchamp_20140916163
736_20140916163758.jpg>]
<medias/corpus/mclaren/Norman_McLaren_drawing_on_film_-_1944.jpg, id=886, 762.8
5pt x 791.95876pt>
File: medias/corpus/mclaren/Norman_McLaren_drawing_on_film_-_1944.jpg Graphic f
ile (type jpg)
<use medias/corpus/mclaren/Norman_McLaren_drawing_on_film_-_1944.jpg>
Package pdftex.def Info: medias/corpus/mclaren/Norman_McLaren_drawing_on_film_-
_1944.jpg  used on input line 1472.
(pdftex.def)             Requested size: 344.99043pt x 358.15454pt.
<medias/corpus/1960/Charles_Bensinger_video_guide_2.jpg, id=890, 579.6054pt x 7
69.6755pt>
File: medias/corpus/1960/Charles_Bensinger_video_guide_2.jpg Graphic file (type
 jpg)
<use medias/corpus/1960/Charles_Bensinger_video_guide_2.jpg>
Package pdftex.def Info: medias/corpus/1960/Charles_Bensinger_video_guide_2.jpg
  used on input line 1507.
(pdftex.def)             Requested size: 169.0541pt x 224.49205pt.
<medias/corpus/1960/Charles_Bensinger_video_guide_3.jpg, id=891, 585.387pt x 77
3.289pt>
File: medias/corpus/1960/Charles_Bensinger_video_guide_3.jpg Graphic file (type
 jpg)
<use medias/corpus/1960/Charles_Bensinger_video_guide_3.jpg>
Package pdftex.def Info: medias/corpus/1960/Charles_Bensinger_video_guide_3.jpg
  used on input line 1507.
(pdftex.def)             Requested size: 169.05223pt x 223.31592pt.
[40 <./medias/corpus/duchamp/MarcelduchampEcologie_duchamp_rotoreliefs_1935_201
40917095658_20140917095757.jpg>] [41 <./medias/corpus/duchamp/MarcelduchampEcol
ogie_ducha_rotative_plaque_verre_20140917224650_20140917225046.jpg> <./medias/c
orpus/brakhage/Stan_Brakhage_(circa_1976).jpg>] [42 <./medias/corpus/mclaren/No
rman_McLaren_drawing_on_film_-_1944.jpg>]
<medias/corpus/paik/paik_10.jpg, id=914, 552.0625pt x 310.15875pt>
File: medias/corpus/paik/paik_10.jpg Graphic file (type jpg)
<use medias/corpus/paik/paik_10.jpg>
Package pdftex.def Info: medias/corpus/paik/paik_10.jpg  used on input line 152
7.
(pdftex.def)             Requested size: 345.01294pt x 193.83453pt.
<medias/corpus/paik/____NamJunepaik_0220452w_namjunepaikzenfortv1961975_vignett
e_300_209_20150414152312_20150414153250.jpg, id=915, 103.88812pt x 157.33781pt>

File: medias/corpus/paik/____NamJunepaik_0220452w_namjunepaikzenfortv1961975_vi
gnette_300_209_20150414152312_20150414153250.jpg Graphic file (type jpg)
<use medias/corpus/paik/____NamJunepaik_0220452w_namjunepaikzenfortv1961975_vig
nette_300_209_20150414152312_20150414153250.jpg>
Package pdftex.def Info: medias/corpus/paik/____NamJunepaik_0220452w_namjunepai
kzenfortv1961975_vignette_300_209_20150414152312_20150414153250.jpg  used on in
put line 1533.
(pdftex.def)             Requested size: 103.89261pt x 157.34462pt.
<medias/corpus/paik/__NamJunepaik_22222_vignette_300_209_20150414121039_2015041
4121316.jpg, id=916, 213.04594pt x 157.33781pt>
File: medias/corpus/paik/__NamJunepaik_22222_vignette_300_209_20150414121039_20
150414121316.jpg Graphic file (type jpg)
<use medias/corpus/paik/__NamJunepaik_22222_vignette_300_209_20150414121039_201
50414121316.jpg>
Package pdftex.def Info: medias/corpus/paik/__NamJunepaik_22222_vignette_300_20
9_20150414121039_20150414121316.jpg  used on input line 1533.
(pdftex.def)             Requested size: 110.40417pt x 81.53523pt.
<medias/corpus/paik/_NamJunepaik_paik_magnet_tv_20150506194428_20150506194457.j
pg, id=917, 481.8pt x 361.35pt>
File: medias/corpus/paik/_NamJunepaik_paik_magnet_tv_20150506194428_20150506194
457.jpg Graphic file (type jpg)
<use medias/corpus/paik/_NamJunepaik_paik_magnet_tv_20150506194428_201505061944
57.jpg>
Package pdftex.def Info: medias/corpus/paik/_NamJunepaik_paik_magnet_tv_2015050
6194428_20150506194457.jpg  used on input line 1533.
(pdftex.def)             Requested size: 110.39996pt x 82.79997pt.
[43 <./medias/corpus/1960/Charles_Bensinger_video_guide_2.jpg> <./medias/corpus
/1960/Charles_Bensinger_video_guide_3.jpg>] [44 <./medias/corpus/paik/paik_10.j
pg> <./medias/corpus/paik/____NamJunepaik_0220452w_namjunepaikzenfortv1961975_v
ignette_300_209_20150414152312_20150414153250.jpg> <./medias/corpus/paik/__NamJ
unepaik_22222_vignette_300_209_20150414121039_20150414121316.jpg> <./medias/cor
pus/paik/_NamJunepaik_paik_magnet_tv_20150506194428_20150506194457.jpg>]
<medias/corpus/boyer/Portrait-e2288.jpg, id=950, 185.19188pt x 164.11313pt>
File: medias/corpus/boyer/Portrait-e2288.jpg Graphic file (type jpg)
<use medias/corpus/boyer/Portrait-e2288.jpg>
Package pdftex.def Info: medias/corpus/boyer/Portrait-e2288.jpg  used on input 
line 1645.
(pdftex.def)             Requested size: 172.50357pt x 152.86902pt.
<medias/corpus/boyer/Chant-magnetique.jpg, id=951, 144.54pt x 110.814pt>
File: medias/corpus/boyer/Chant-magnetique.jpg Graphic file (type jpg)
<use medias/corpus/boyer/Chant-magnetique.jpg>
Package pdftex.def Info: medias/corpus/boyer/Chant-magnetique.jpg  used on inpu
t line 1651.
(pdftex.def)             Requested size: 144.53963pt x 110.8137pt.
<medias/corpus/boyer/Eau.jpg, id=952, 144.54pt x 109.6095pt>
File: medias/corpus/boyer/Eau.jpg Graphic file (type jpg)
<use medias/corpus/boyer/Eau.jpg>
Package pdftex.def Info: medias/corpus/boyer/Eau.jpg  used on input line 1657.
(pdftex.def)             Requested size: 144.54623pt x 109.61421pt.
<medias/corpus/boyer/L-Amertube-2f5ae.jpg, id=953, 338.76563pt x 120.45pt>
File: medias/corpus/boyer/L-Amertube-2f5ae.jpg Graphic file (type jpg)
<use medias/corpus/boyer/L-Amertube-2f5ae.jpg>
Package pdftex.def Info: medias/corpus/boyer/L-Amertube-2f5ae.jpg  used on inpu
t line 1663.
(pdftex.def)             Requested size: 338.77512pt x 120.45335pt.
<medias/corpus/boyer/Phonoptic-33bd2.jpg, id=954, 338.76563pt x 120.45pt>
File: medias/corpus/boyer/Phonoptic-33bd2.jpg Graphic file (type jpg)
<use medias/corpus/boyer/Phonoptic-33bd2.jpg>
Package pdftex.def Info: medias/corpus/boyer/Phonoptic-33bd2.jpg  used on input
 line 1669.
(pdftex.def)             Requested size: 338.77512pt x 120.45335pt.
<medias/corpus/boyer/Video-Cortex-b8d37.jpg, id=955, 338.76563pt x 120.45pt>
File: medias/corpus/boyer/Video-Cortex-b8d37.jpg Graphic file (type jpg)
<use medias/corpus/boyer/Video-Cortex-b8d37.jpg>
Package pdftex.def Info: medias/corpus/boyer/Video-Cortex-b8d37.jpg  used on in
put line 1675.
(pdftex.def)             Requested size: 338.77512pt x 120.45335pt.

Overfull \hbox (0.1389pt too wide) in paragraph at lines 1688--1689
[][]$\T1/lmr/m/n/10 (+15) h t t p s : / / w w w . f o n d a t i o n -[] l a n g
 l o i s . o r g / h t m l / e / r e s e a r c h . p hp? z o o m = 3& F i l
 []

<medias/corpus/rokeby/d00004229-wide.jpg, id=960, 144.54pt x 85.0377pt>
File: medias/corpus/rokeby/d00004229-wide.jpg Graphic file (type jpg)
<use medias/corpus/rokeby/d00004229-wide.jpg>
Package pdftex.def Info: medias/corpus/rokeby/d00004229-wide.jpg  used on input
 line 1696.
(pdftex.def)             Requested size: 258.76465pt x 152.23985pt.
[45] [46 <./medias/corpus/boyer/Portrait-e2288.jpg> <./medias/corpus/boyer/Chan
t-magnetique.jpg> <./medias/corpus/boyer/Eau.jpg>] [47 <./medias/corpus/boyer/L
-Amertube-2f5ae.jpg> <./medias/corpus/boyer/Phonoptic-33bd2.jpg> <./medias/corp
us/boyer/Video-Cortex-b8d37.jpg>] [48 <./medias/corpus/rokeby/d00004229-wide.jp
g>]
Overfull \hbox (0.151pt too wide) in paragraph at lines 1825--1826
[][]$\T1/lmr/m/n/10 (+3) h t t p s : / / i s e a 2 0 2 0 . i s e a -[] i n t e 
r n a t i o n a l . o r g / wp -[] c o n t e n t / u p l o a d s / 2 0 2 0 / 1 
0 / I S
 []

[49] [50

]
Chapitre 5.
[51]
Underfull \hbox (badness 10000) in paragraph at lines 1975--1976

 []

[52]
Chapitre 6.

LaTeX Warning: Command \' invalid in math mode on input line 2008.

[53

]
<traitement-video_files/figure-latex/unnamed-chunk-4-1.pdf, id=1109, 436.63126p
t x 283.0575pt>
File: traitement-video_files/figure-latex/unnamed-chunk-4-1.pdf Graphic file (t
ype pdf)
<use traitement-video_files/figure-latex/unnamed-chunk-4-1.pdf>
Package pdftex.def Info: traitement-video_files/figure-latex/unnamed-chunk-4-1.
pdf  used on input line 2078.
(pdftex.def)             Requested size: 345.00154pt x 223.65614pt.
<traitement-video_files/figure-latex/unnamed-chunk-5-1.pdf, id=1110, 393.47pt x
 236.885pt>
File: traitement-video_files/figure-latex/unnamed-chunk-5-1.pdf Graphic file (t
ype pdf)
<use traitement-video_files/figure-latex/unnamed-chunk-5-1.pdf>
Package pdftex.def Info: traitement-video_files/figure-latex/unnamed-chunk-5-1.
pdf  used on input line 2092.
(pdftex.def)             Requested size: 344.99985pt x 207.704pt.
[54 <./traitement-video_files/figure-latex/unnamed-chunk-4-1.pdf>]
<medias/lexique/signaux/analogue/composite.jpg, id=1143, 308.352pt x 219.82124p
t>
File: medias/lexique/signaux/analogue/composite.jpg Graphic file (type jpg)
<use medias/lexique/signaux/analogue/composite.jpg>
Package pdftex.def Info: medias/lexique/signaux/analogue/composite.jpg  used on
 input line 2127.
(pdftex.def)             Requested size: 172.50185pt x 122.97495pt.
<medias/lexique/signaux/analogue/svideo.jpg, id=1144, 1027.84pt x 770.88pt>
File: medias/lexique/signaux/analogue/svideo.jpg Graphic file (type jpg)
<use medias/lexique/signaux/analogue/svideo.jpg>
Package pdftex.def Info: medias/lexique/signaux/analogue/svideo.jpg  used on in
put line 2136.
(pdftex.def)             Requested size: 172.48773pt x 129.3658pt.
[55 <./traitement-video_files/figure-latex/unnamed-chunk-5-1.pdf> <./medias/lex
ique/signaux/analogue/composite.jpg>]
<medias/lexique/signaux/analogue/component.jpg, id=1166, 1026.83624pt x 798.985
pt>
File: medias/lexique/signaux/analogue/component.jpg Graphic file (type jpg)
<use medias/lexique/signaux/analogue/component.jpg>
Package pdftex.def Info: medias/lexique/signaux/analogue/component.jpg  used on
 input line 2151.
(pdftex.def)             Requested size: 172.49164pt x 134.21637pt.
<medias/lexique/signaux/analogue/vga.jpg, id=1167, 1027.84pt x 736.7525pt>
File: medias/lexique/signaux/analogue/vga.jpg Graphic file (type jpg)
<use medias/lexique/signaux/analogue/vga.jpg>
Package pdftex.def Info: medias/lexique/signaux/analogue/vga.jpg  used on input
 line 2160.
(pdftex.def)             Requested size: 172.48773pt x 123.63867pt.
<medias/lexique/signaux/analogue/3_5mm.jpg, id=1168, 1027.84pt x 770.88pt>
File: medias/lexique/signaux/analogue/3_5mm.jpg Graphic file (type jpg)
<use medias/lexique/signaux/analogue/3_5mm.jpg>
Package pdftex.def Info: medias/lexique/signaux/analogue/3_5mm.jpg  used on inp
ut line 2169.
(pdftex.def)             Requested size: 172.48773pt x 129.3658pt.
[56 <./medias/lexique/signaux/analogue/svideo.jpg> <./medias/lexique/signaux/an
alogue/component.jpg>] [57 <./medias/lexique/signaux/analogue/vga.jpg> <./media
s/lexique/signaux/analogue/3_5mm.jpg>]
Overfull \hbox (0.10213pt too wide) in paragraph at lines 2192--2193
[][]$\T1/lmr/m/n/10 (+20) h t t p s : / / g i t h u b . c o m / s e b p i q / c
 o u r s -[] s o n -[] r e s e a u x / b l o b / m a i n / d a ta -[] e n c o d
 a
 []

[58]
Chapitre 7.
<medias/lexique/signaux/numerique/dvi.jpg, id=1199, 246.6816pt x 197.2971pt>
File: medias/lexique/signaux/numerique/dvi.jpg Graphic file (type jpg)
<use medias/lexique/signaux/numerique/dvi.jpg>
Package pdftex.def Info: medias/lexique/signaux/numerique/dvi.jpg  used on inpu
t line 2212.
(pdftex.def)             Requested size: 172.50278pt x 137.96854pt.
<medias/lexique/signaux/numerique/hdmi.jpg, id=1200, 308.352pt x 231.264pt>
File: medias/lexique/signaux/numerique/hdmi.jpg Graphic file (type jpg)
<use medias/lexique/signaux/numerique/hdmi.jpg>
Package pdftex.def Info: medias/lexique/signaux/numerique/hdmi.jpg  used on inp
ut line 2221.
(pdftex.def)             Requested size: 172.50185pt x 129.37639pt.
<medias/lexique/signaux/numerique/displayport.jpg, id=1201, 1284.8pt x 777.9062
5pt>
File: medias/lexique/signaux/numerique/displayport.jpg Graphic file (type jpg)
<use medias/lexique/signaux/numerique/displayport.jpg>
Package pdftex.def Info: medias/lexique/signaux/numerique/displayport.jpg  used
 on input line 2236.
(pdftex.def)             Requested size: 172.4995pt x 104.44305pt.
[59

 <./medias/lexique/signaux/numerique/dvi.jpg>] [60 <./medias/lexique/signaux/nu
merique/hdmi.jpg> <./medias/lexique/signaux/numerique/displayport.jpg>]
<medias/lexique/signaux/numerique/sdi.jpg, id=1221, 1027.84pt x 770.88pt>
File: medias/lexique/signaux/numerique/sdi.jpg Graphic file (type jpg)
<use medias/lexique/signaux/numerique/sdi.jpg>
Package pdftex.def Info: medias/lexique/signaux/numerique/sdi.jpg  used on inpu
t line 2251.
(pdftex.def)             Requested size: 172.48773pt x 129.3658pt.
[61 <./medias/lexique/signaux/numerique/sdi.jpg>] [62

]
Chapitre 8.
<medias/lexique/fullHD_16_9_1920x1080.png, id=1235, 1927.2pt x 1084.05pt>
File: medias/lexique/fullHD_16_9_1920x1080.png Graphic file (type png)
<use medias/lexique/fullHD_16_9_1920x1080.png>
Package pdftex.def Info: medias/lexique/fullHD_16_9_1920x1080.png  used on inpu
t line 2294.
(pdftex.def)             Requested size: 344.99901pt x 194.06194pt.
<medias/lexique/barre_couleurs-1600x900.png, id=1236, 1606.0pt x 903.375pt>
File: medias/lexique/barre_couleurs-1600x900.png Graphic file (type png)
<use medias/lexique/barre_couleurs-1600x900.png>
Package pdftex.def Info: medias/lexique/barre_couleurs-1600x900.png  used on in
put line 2300.
(pdftex.def)             Requested size: 344.98921pt x 194.05643pt.
<medias/lexique/NTSC_4_3_640x480.png, id=1237, 642.4pt x 481.8pt>
File: medias/lexique/NTSC_4_3_640x480.png Graphic file (type png)
<use medias/lexique/NTSC_4_3_640x480.png>
Package pdftex.def Info: medias/lexique/NTSC_4_3_640x480.png  used on input lin
e 2315.
(pdftex.def)             Requested size: 345.0088pt x 258.75659pt.
LaTeX Font Info:    Try loading font information for TS1+lmr on input line 2331
.
(/usr/local/texlive/2019/texmf-dist/tex/latex/lm/ts1lmr.fd
File: ts1lmr.fd 2009/10/30 v1.6 Font defs for Latin Modern
)
<medias/lexique/Photo_3_2_2000x1333.png, id=1240, 2007.5pt x 1337.99875pt>
File: medias/lexique/Photo_3_2_2000x1333.png Graphic file (type png)
<use medias/lexique/Photo_3_2_2000x1333.png>
Package pdftex.def Info: medias/lexique/Photo_3_2_2000x1333.png  used on input 
line 2338.
(pdftex.def)             Requested size: 344.97696pt x 229.92714pt.
[63] [64 <./medias/lexique/fullHD_16_9_1920x1080.png> <./medias/lexique/barre_c
ouleurs-1600x900.png>] [65 <./medias/lexique/NTSC_4_3_640x480.png> <./medias/le
xique/Photo_3_2_2000x1333.png>]
<medias/lexique/Cinemascope_2_39_1_2390x1000.png, id=1272, 2398.9625pt x 1003.7
5pt>
File: medias/lexique/Cinemascope_2_39_1_2390x1000.png Graphic file (type png)
<use medias/lexique/Cinemascope_2_39_1_2390x1000.png>
Package pdftex.def Info: medias/lexique/Cinemascope_2_39_1_2390x1000.png  used 
on input line 2359.
(pdftex.def)             Requested size: 344.96715pt x 144.3377pt.
<medias/lexique/carre_1_1_1000x1000.png, id=1274, 1003.75pt x 1003.75pt>
File: medias/lexique/carre_1_1_1000x1000.png Graphic file (type png)
<use medias/lexique/carre_1_1_1000x1000.png>
Package pdftex.def Info: medias/lexique/carre_1_1_1000x1000.png  used on input 
line 2380.
(pdftex.def)             Requested size: 345.00758pt x 345.00758pt.
<medias/lexique/CubeMap_4096x4096.png, id=1275, 2960.1792pt x 2960.1792pt>
File: medias/lexique/CubeMap_4096x4096.png Graphic file (type png)
<use medias/lexique/CubeMap_4096x4096.png>
Package pdftex.def Info: medias/lexique/CubeMap_4096x4096.png  used on input li
ne 2386.
(pdftex.def)             Requested size: 344.99806pt x 344.99806pt.
[66 <./medias/lexique/Cinemascope_2_39_1_2390x1000.png>] [67 <./medias/lexique/
carre_1_1_1000x1000.png>] [68 <./medias/lexique/CubeMap_4096x4096.png (PNG copy
)>] [69] [70

]
Chapitre 9.
<traitement-video_files/figure-latex/unnamed-chunk-6-1.pdf, id=1352, 355.3275pt
 x 289.08pt>
File: traitement-video_files/figure-latex/unnamed-chunk-6-1.pdf Graphic file (t
ype pdf)
<use traitement-video_files/figure-latex/unnamed-chunk-6-1.pdf>
Package pdftex.def Info: traitement-video_files/figure-latex/unnamed-chunk-6-1.
pdf  used on input line 2518.
(pdftex.def)             Requested size: 345.00882pt x 280.68515pt.
[71 <./traitement-video_files/figure-latex/unnamed-chunk-6-1.pdf>]

LaTeX Warning: Command \' invalid in math mode on input line 2551.


LaTeX Warning: Command \' invalid in math mode on input line 2551.


LaTeX Warning: Command \' invalid in math mode on input line 2551.


Overfull \hbox (5.86902pt too wide) detected at line 2552
\OML/lmm/m/it/10 D\OT1/lmr/m/n/10 é\OML/lmm/m/it/10 bit \OT1/lmr/m/n/10 = \OML/
lmm/m/it/10 profondeur\OT1/lmr/m/n/10 (\OML/lmm/m/it/10 bits\OT1/lmr/m/n/10 ) \
OMS/lmsy/m/n/10 ^^C \OML/lmm/m/it/10 r\OT1/lmr/m/n/10 é\OML/lmm/m/it/10 solutio
nHorizontale \OMS/lmsy/m/n/10 ^^C \OML/lmm/m/it/10 r\OT1/lmr/m/n/10 é\OML/lmm/m
/it/10 solutionVerticale \OMS/lmsy/m/n/10 ^^C \OML/lmm/m/it/10 cadence
 []


Underfull \hbox (badness 3312) in paragraph at lines 2591--2591
[]\T1/lmr/bx/n/12 Compression sans pertes vs des-truc-tive (loss-
 []

[72]
Underfull \hbox (badness 10000) in paragraph at lines 2683--2684

 []

[73]
Underfull \hbox (badness 10000) in paragraph at lines 2739--2741

 []

[74]
Underfull \hbox (badness 10000) in paragraph at lines 2798--2799

 []


Underfull \vbox (badness 10000) has occurred while \output is active []

[75] [76]
Chapitre 10.
[77

] [78] [79] [80

]
Chapitre 11.
[81] [82]
Chapitre 12.

Underfull \hbox (badness 1796) in paragraph at lines 3145--3145
[]\T1/lmr/bx/n/14.4 Communication via pro-to-coles pa-ra-mé-
 []

[83

] [84]
Chapitre 13.

Overfull \hbox (0.12271pt too wide) in paragraph at lines 3259--3261
\T1/lmr/m/n/10 (+17) n g / a p p l i c a t i on -[] e x a m p l e -[] e d u t a
 i n m e n t -[] g a me -[] i n t r o d u c t i on -[] to -[] v i d e o -[] a n
 d -[]
 []

[85

] [86]
Chapitre 14.
[87

] [88

]
Chapitre 15.

Overfull \hbox (127.49863pt too wide) in paragraph at lines 3326--3326
[]\T1/lmtt/m/n/10 ffmpeg -i INPUT.mkv -c:v prores_ks -profile:v 3 -c:a pcm_s16l
e -pix_fmt yuv420p OUTPUT.mov[] 
 []

[89]
LaTeX Font Info:    Font shape `T1/lmtt/bx/n' in size <10> not available
(Font)              Font shape `T1/lmtt/b/n' tried instead on input line 3370.
LaTeX Font Info:    Font shape `TS1/lmtt/bx/n' in size <10> not available
(Font)              Font shape `TS1/lmtt/b/n' tried instead on input line 3374.


Underfull \vbox (badness 4132) has occurred while \output is active []

[90] [91] [92

]
Chapitre 16.

Overfull \hbox (69.7488pt too wide) in paragraph at lines 3558--3558
[]\T1/lmtt/m/n/10 // Adapted from https://www.iquilezles.org/www/articles/ibili
near/ibilinear.htm[] 
 []


Overfull \hbox (6.74898pt too wide) in paragraph at lines 3558--3558
[]\T1/lmtt/m/n/10 // and this Shadertoy example https://www.shadertoy.com/view/
lsBSDm[] 
 []

[93]
Overfull \hbox (11.99896pt too wide) in paragraph at lines 3558--3558
[]    \T1/lmtt/m/n/10 float2 c = float2(1.0 - (_DRx / 1000.0), 1.0 - (_DRy / 10
00.0));[] 
 []

[94] [95] [96

]
Chapitre 17.
[97] [98

]
Chapitre 18.
(./traitement-video.bbl [99] [100

] [101])
Package atveryend Info: Empty hook `BeforeClearDocument' on input line 3588.
[102]
Package atveryend Info: Empty hook `AfterLastShipout' on input line 3588.
(./traitement-video.aux)
Package atveryend Info: Executing hook `AtVeryEndDocument' on input line 3588.
Package atveryend Info: Empty hook `AtEndAfterFileList' on input line 3588.
 ) 
Here is how much of TeX's memory you used:
 16719 strings out of 492616
 259279 string characters out of 6129482
 400229 words of memory out of 5000000
 19376 multiletter control sequences out of 15000+600000
 98845 words of font info for 123 fonts, out of 8000000 for 9000
 1141 hyphenation exceptions out of 8191
 35i,6n,38p,986b,635s stack positions out of 5000i,500n,10000p,200000b,80000s
pdfTeX warning (dest): name{SEMAINE_12} has been referenced but does not exis
t, replaced by a fixed one

pdfTeX warning (dest): name{SEMAINE_3} has been referenced but does not exist, 
replaced by a fixed one

pdfTeX warning (dest): name{aquerir_captation} has been referenced but does not
 exist, replaced by a fixed one

{/usr/local/texlive/2019/texmf-dist/fonts/enc/dvips/lm/lm-ts1.enc}{/usr/local/t
exlive/2019/texmf-dist/fonts/enc/dvips/lm/lm-ec.enc}{/usr/local/texlive/2019/te
xmf-dist/fonts/enc/dvips/lm/lm-mathsy.enc}{/usr/local/texlive/2019/texmf-dist/f
onts/enc/dvips/lm/lm-rm.enc}{/usr/local/texlive/2019/texmf-dist/fonts/enc/dvips
/lm/lm-mathit.enc}</usr/local/texlive/2019/texmf-dist/fonts/type1/public/lm/lmb
x10.pfb></usr/local/texlive/2019/texmf-dist/fonts/type1/public/lm/lmbx12.pfb></
usr/local/texlive/2019/texmf-dist/fonts/type1/public/lm/lmbx8.pfb></usr/local/t
exlive/2019/texmf-dist/fonts/type1/public/lm/lmbxi10.pfb></usr/local/texlive/20
19/texmf-dist/fonts/type1/public/lm/lmcsc10.pfb></usr/local/texlive/2019/texmf-
dist/fonts/type1/public/lm/lmmi10.pfb></usr/local/texlive/2019/texmf-dist/fonts
/type1/public/lm/lmr10.pfb></usr/local/texlive/2019/texmf-dist/fonts/type1/publ
ic/lm/lmr12.pfb></usr/local/texlive/2019/texmf-dist/fonts/type1/public/lm/lmr17
.pfb></usr/local/texlive/2019/texmf-dist/fonts/type1/public/lm/lmr7.pfb></usr/l
ocal/texlive/2019/texmf-dist/fonts/type1/public/lm/lmr8.pfb></usr/local/texlive
/2019/texmf-dist/fonts/type1/public/lm/lmri10.pfb></usr/local/texlive/2019/texm
f-dist/fonts/type1/public/lm/lmro10.pfb></usr/local/texlive/2019/texmf-dist/fon
ts/type1/public/lm/lmsy10.pfb></usr/local/texlive/2019/texmf-dist/fonts/type1/p
ublic/lm/lmtk10.pfb></usr/local/texlive/2019/texmf-dist/fonts/type1/public/lm/l
mtt10.pfb></usr/local/texlive/2019/texmf-dist/fonts/type1/public/lm/lmtti10.pfb
>
Output written on traitement-video.pdf (102 pages, 10409880 bytes).
PDF statistics:
 2438 PDF objects out of 2487 (max. 8388607)
 2212 compressed objects within 23 object streams
 823 named destinations out of 1000 (max. 500000)
 19698 words of extra memory for PDF output out of 20736 (max. 10000000)

